<?xml version="1.0" encoding="UTF-8"?>
<!-- Generated by org.testng.reporters.JUnitXMLReporter -->
<testsuite ignored="0" hostname="DESKTOP-ROQFRB8" failures="1" tests="1" name="Validating navigation Bar" time="47.063" errors="0" timestamp="2022-05-24T00:34:07 ICT">
  <testcase classname="Academy.validateNavigationBar" name="validateAppNavBar" time="0.0">
    <failure type="java.lang.Error" message="Unresolved compilation problem: 
	The field LandingPage.navBar is not visible
">
      <![CDATA[java.lang.Error: Unresolved compilation problem: 
The field LandingPage.navBar is not visible

at Academy.validateNavigationBar.validateAppNavBar(validateNavigationBar.java:45)
at java.base/java.util.ArrayList.forEach(ArrayList.java:1541)
at java.base/java.util.concurrent.FutureTask.run(FutureTask.java:264)
at java.base/java.util.concurrent.ThreadPoolExecutor.runWorker(ThreadPoolExecutor.java:1128)
at java.base/java.util.concurrent.ThreadPoolExecutor$Worker.run(ThreadPoolExecutor.java:628)
at java.base/java.lang.Thread.run(Thread.java:834)
... Removed 18 stack frames]]>
    </failure>
  </testcase> <!-- validateAppNavBar -->
</testsuite> <!-- Validating navigation Bar -->
